c:\users\neonm\desktop\hook\hook\hook\release\vc142.pdb
c:\users\neonm\desktop\hook\hook\hook\release\imgui_widgets.obj
c:\users\neonm\desktop\hook\hook\hook\release\imgui_impl_win32.obj
c:\users\neonm\desktop\hook\hook\hook\release\imgui_impl_dx11.obj
c:\users\neonm\desktop\hook\hook\hook\release\imgui_draw.obj
c:\users\neonm\desktop\hook\hook\hook\release\imgui_demo.obj
c:\users\neonm\desktop\hook\hook\hook\release\imgui.obj
c:\users\neonm\desktop\hook\hook\hook\release\dllmain.obj
c:\users\neonm\desktop\hook\hook\hook\release\kiero.obj
c:\users\neonm\desktop\hook\hook\hook\release\hooks.obj
c:\users\neonm\desktop\hook\hook\hook\release\menu.obj
c:\users\neonm\desktop\hook\hook\hook\release\memory.obj
c:\users\neonm\desktop\hook\hook\hook\release\globals.obj
c:\users\neonm\desktop\hook\hook\release\hook.ipdb
c:\users\neonm\desktop\hook\hook\release\hook.iobj
c:\users\neonm\desktop\hook\hook\release\hook.dll
c:\users\neonm\desktop\hook\hook\release\hook.pdb
c:\users\neonm\desktop\hook\hook\hook\release\hook.tlog\cl.command.1.tlog
c:\users\neonm\desktop\hook\hook\hook\release\hook.tlog\cl.read.1.tlog
c:\users\neonm\desktop\hook\hook\hook\release\hook.tlog\cl.write.1.tlog
c:\users\neonm\desktop\hook\hook\hook\release\hook.tlog\hook.write.1u.tlog
c:\users\neonm\desktop\hook\hook\hook\release\hook.tlog\link.command.1.tlog
c:\users\neonm\desktop\hook\hook\hook\release\hook.tlog\link.read.1.tlog
c:\users\neonm\desktop\hook\hook\hook\release\hook.tlog\link.write.1.tlog
